<?xml version="1.0" encoding="UTF-8"?>
<!-- Generated by org.testng.reporters.JUnitReportReporter -->
<testsuite hostname="MLLAB01" failures="0" tests="5" name="com.lbrce.devops1.UserValidationTest" time="0.009" errors="0" timestamp="2023-11-07T09:43:34 IST" skipped="0">
  <testcase classname="com.lbrce.devops1.UserValidationTest" name="testCase3" time="0.000"/>
  <testcase classname="com.lbrce.devops1.UserValidationTest" name="testCase2" time="0.000"/>
  <testcase classname="com.lbrce.devops1.UserValidationTest" name="testCase5" time="0.000"/>
  <testcase classname="com.lbrce.devops1.UserValidationTest" name="testCase1" time="0.008"/>
  <testcase classname="com.lbrce.devops1.UserValidationTest" name="testCase4" time="0.001"/>
</testsuite> <!-- com.lbrce.devops1.UserValidationTest -->
